{"/Users/diego/Desktop/backend-dictionary/server/src/controllers/AuthController.ts": {"path":"/Users/diego/Desktop/backend-dictionary/server/src/controllers/AuthController.ts","statementMap":{"0":{"start":{"line":31,"column":12},"end":{"line":31,"column":33}},"1":{"start":{"line":32,"column":12},"end":{"line":32,"column":33}},"2":{"start":{"line":35,"column":2},"end":{"line":39,"column":null}},"3":{"start":{"line":35,"column":64},"end":{"line":39,"column":null}},"4":{"start":{"line":36,"column":38},"end":{"line":36,"column":42}},"5":{"start":{"line":37,"column":21},"end":{"line":37,"column":76}},"6":{"start":{"line":38,"column":4},"end":{"line":38,"column":null}},"7":{"start":{"line":41,"column":2},"end":{"line":45,"column":null}},"8":{"start":{"line":41,"column":64},"end":{"line":45,"column":null}},"9":{"start":{"line":42,"column":32},"end":{"line":42,"column":36}},"10":{"start":{"line":43,"column":21},"end":{"line":43,"column":70}},"11":{"start":{"line":44,"column":4},"end":{"line":44,"column":null}},"12":{"start":{"line":29,"column":0},"end":{"line":29,"column":13}}},"fnMap":{"0":{"name":"(anonymous_7)","decl":{"start":{"line":30,"column":2},"end":{"line":30,"column":null}},"loc":{"start":{"line":32,"column":33},"end":{"line":33,"column":6}}},"1":{"name":"(anonymous_8)","decl":{"start":{"line":35,"column":11},"end":{"line":35,"column":18}},"loc":{"start":{"line":35,"column":64},"end":{"line":39,"column":null}}},"2":{"name":"(anonymous_9)","decl":{"start":{"line":35,"column":64},"end":{"line":35,"column":null}},"loc":{"start":{"line":35,"column":60},"end":{"line":39,"column":3}}},"3":{"name":"(anonymous_10)","decl":{"start":{"line":41,"column":11},"end":{"line":41,"column":18}},"loc":{"start":{"line":41,"column":64},"end":{"line":45,"column":null}}},"4":{"name":"(anonymous_11)","decl":{"start":{"line":41,"column":64},"end":{"line":41,"column":null}},"loc":{"start":{"line":41,"column":60},"end":{"line":45,"column":3}}}},"branchMap":{},"s":{"0":1,"1":1,"2":1,"3":4,"4":4,"5":4,"6":1,"7":1,"8":4,"9":4,"10":4,"11":1,"12":2},"f":{"0":1,"1":4,"2":4,"3":4,"4":4},"b":{}}
,"/Users/diego/Desktop/backend-dictionary/server/src/controllers/EntriesController.ts": {"path":"/Users/diego/Desktop/backend-dictionary/server/src/controllers/EntriesController.ts","statementMap":{"0":{"start":{"line":32,"column":12},"end":{"line":32,"column":41}},"1":{"start":{"line":33,"column":12},"end":{"line":33,"column":39}},"2":{"start":{"line":34,"column":12},"end":{"line":34,"column":57}},"3":{"start":{"line":35,"column":12},"end":{"line":35,"column":67}},"4":{"start":{"line":36,"column":12},"end":{"line":36,"column":33}},"5":{"start":{"line":49,"column":2},"end":{"line":75,"column":null}},"6":{"start":{"line":52,"column":6},"end":{"line":75,"column":null}},"7":{"start":{"line":54,"column":6},"end":{"line":56,"column":19}},"8":{"start":{"line":58,"column":6},"end":{"line":60,"column":19}},"9":{"start":{"line":61,"column":19},"end":{"line":61,"column":31}},"10":{"start":{"line":62,"column":24},"end":{"line":62,"column":47}},"11":{"start":{"line":63,"column":32},"end":{"line":66,"column":null}},"12":{"start":{"line":68,"column":4},"end":{"line":74,"column":null}},"13":{"start":{"line":77,"column":2},"end":{"line":94,"column":null}},"14":{"start":{"line":80,"column":6},"end":{"line":94,"column":null}},"15":{"start":{"line":81,"column":32},"end":{"line":85,"column":null}},"16":{"start":{"line":87,"column":4},"end":{"line":93,"column":null}},"17":{"start":{"line":96,"column":2},"end":{"line":102,"column":null}},"18":{"start":{"line":99,"column":6},"end":{"line":102,"column":null}},"19":{"start":{"line":100,"column":21},"end":{"line":100,"column":76}},"20":{"start":{"line":101,"column":4},"end":{"line":101,"column":null}},"21":{"start":{"line":104,"column":2},"end":{"line":113,"column":null}},"22":{"start":{"line":107,"column":6},"end":{"line":113,"column":null}},"23":{"start":{"line":108,"column":21},"end":{"line":110,"column":null}},"24":{"start":{"line":112,"column":4},"end":{"line":112,"column":null}},"25":{"start":{"line":40,"column":4},"end":{"line":46,"column":5}},"26":{"start":{"line":41,"column":18},"end":{"line":41,"column":35}},"27":{"start":{"line":42,"column":6},"end":{"line":42,"column":null}},"28":{"start":{"line":42,"column":20},"end":{"line":42,"column":null}},"29":{"start":{"line":43,"column":6},"end":{"line":43,"column":null}},"30":{"start":{"line":45,"column":6},"end":{"line":45,"column":null}},"31":{"start":{"line":30,"column":0},"end":{"line":30,"column":13}}},"fnMap":{"0":{"name":"(anonymous_7)","decl":{"start":{"line":31,"column":2},"end":{"line":31,"column":null}},"loc":{"start":{"line":36,"column":33},"end":{"line":37,"column":6}}},"1":{"name":"(anonymous_8)","decl":{"start":{"line":49,"column":15},"end":{"line":49,"column":null}},"loc":{"start":{"line":52,"column":6},"end":{"line":75,"column":null}}},"2":{"name":"(anonymous_9)","decl":{"start":{"line":52,"column":6},"end":{"line":52,"column":null}},"loc":{"start":{"line":51,"column":27},"end":{"line":75,"column":3}}},"3":{"name":"(anonymous_10)","decl":{"start":{"line":77,"column":14},"end":{"line":77,"column":null}},"loc":{"start":{"line":80,"column":6},"end":{"line":94,"column":null}}},"4":{"name":"(anonymous_11)","decl":{"start":{"line":80,"column":6},"end":{"line":80,"column":null}},"loc":{"start":{"line":79,"column":21},"end":{"line":94,"column":3}}},"5":{"name":"(anonymous_12)","decl":{"start":{"line":96,"column":23},"end":{"line":96,"column":null}},"loc":{"start":{"line":99,"column":6},"end":{"line":102,"column":null}}},"6":{"name":"(anonymous_13)","decl":{"start":{"line":99,"column":6},"end":{"line":99,"column":null}},"loc":{"start":{"line":98,"column":21},"end":{"line":102,"column":3}}},"7":{"name":"(anonymous_14)","decl":{"start":{"line":104,"column":28},"end":{"line":104,"column":null}},"loc":{"start":{"line":107,"column":6},"end":{"line":113,"column":null}}},"8":{"name":"(anonymous_15)","decl":{"start":{"line":107,"column":6},"end":{"line":107,"column":null}},"loc":{"start":{"line":106,"column":21},"end":{"line":113,"column":3}}},"9":{"name":"(anonymous_16)","decl":{"start":{"line":39,"column":10},"end":{"line":39,"column":33}},"loc":{"start":{"line":39,"column":49},"end":{"line":47,"column":3}}}},"branchMap":{"0":{"loc":{"start":{"line":54,"column":6},"end":{"line":56,"column":19}},"type":"cond-expr","locations":[{"start":{"line":55,"column":10},"end":{"line":55,"column":50}},{"start":{"line":56,"column":10},"end":{"line":56,"column":19}}]},"1":{"loc":{"start":{"line":58,"column":6},"end":{"line":60,"column":19}},"type":"cond-expr","locations":[{"start":{"line":59,"column":10},"end":{"line":59,"column":51}},{"start":{"line":60,"column":10},"end":{"line":60,"column":19}}]},"2":{"loc":{"start":{"line":42,"column":6},"end":{"line":42,"column":null}},"type":"if","locations":[{"start":{"line":42,"column":6},"end":{"line":42,"column":null}}]}},"s":{"0":1,"1":1,"2":1,"3":1,"4":1,"5":1,"6":2,"7":2,"8":2,"9":2,"10":2,"11":2,"12":1,"13":1,"14":0,"15":0,"16":0,"17":1,"18":0,"19":0,"20":0,"21":1,"22":0,"23":0,"24":0,"25":4,"26":4,"27":4,"28":0,"29":4,"30":0,"31":2},"f":{"0":1,"1":2,"2":2,"3":0,"4":0,"5":0,"6":0,"7":0,"8":0,"9":4},"b":{"0":[2,0],"1":[2,0],"2":[0]}}
,"/Users/diego/Desktop/backend-dictionary/server/src/controllers/MainRouteController.ts": {"path":"/Users/diego/Desktop/backend-dictionary/server/src/controllers/MainRouteController.ts","statementMap":{"0":{"start":{"line":9,"column":20},"end":{"line":9,"column":57}},"1":{"start":{"line":10,"column":4},"end":{"line":10,"column":null}},"2":{"start":{"line":7,"column":0},"end":{"line":7,"column":13}}},"fnMap":{"0":{"name":"(anonymous_0)","decl":{"start":{"line":8,"column":2},"end":{"line":8,"column":13}},"loc":{"start":{"line":8,"column":46},"end":{"line":11,"column":3}}}},"branchMap":{},"s":{"0":0,"1":0,"2":2},"f":{"0":0},"b":{}}
,"/Users/diego/Desktop/backend-dictionary/server/src/controllers/UserController.ts": {"path":"/Users/diego/Desktop/backend-dictionary/server/src/controllers/UserController.ts","statementMap":{"0":{"start":{"line":33,"column":12},"end":{"line":33,"column":49}},"1":{"start":{"line":34,"column":12},"end":{"line":34,"column":41}},"2":{"start":{"line":35,"column":12},"end":{"line":35,"column":45}},"3":{"start":{"line":36,"column":12},"end":{"line":36,"column":33}},"4":{"start":{"line":49,"column":2},"end":{"line":65,"column":null}},"5":{"start":{"line":52,"column":6},"end":{"line":65,"column":null}},"6":{"start":{"line":53,"column":32},"end":{"line":56,"column":null}},"7":{"start":{"line":58,"column":4},"end":{"line":64,"column":null}},"8":{"start":{"line":67,"column":2},"end":{"line":81,"column":null}},"9":{"start":{"line":70,"column":6},"end":{"line":81,"column":null}},"10":{"start":{"line":72,"column":6},"end":{"line":74,"column":19}},"11":{"start":{"line":76,"column":6},"end":{"line":78,"column":19}},"12":{"start":{"line":79,"column":19},"end":{"line":79,"column":77}},"13":{"start":{"line":80,"column":4},"end":{"line":80,"column":null}},"14":{"start":{"line":83,"column":2},"end":{"line":97,"column":null}},"15":{"start":{"line":86,"column":6},"end":{"line":97,"column":null}},"16":{"start":{"line":88,"column":6},"end":{"line":90,"column":19}},"17":{"start":{"line":92,"column":6},"end":{"line":94,"column":19}},"18":{"start":{"line":95,"column":19},"end":{"line":95,"column":79}},"19":{"start":{"line":96,"column":4},"end":{"line":96,"column":null}},"20":{"start":{"line":40,"column":4},"end":{"line":46,"column":5}},"21":{"start":{"line":41,"column":18},"end":{"line":41,"column":35}},"22":{"start":{"line":42,"column":6},"end":{"line":42,"column":null}},"23":{"start":{"line":42,"column":20},"end":{"line":42,"column":null}},"24":{"start":{"line":43,"column":6},"end":{"line":43,"column":null}},"25":{"start":{"line":45,"column":6},"end":{"line":45,"column":null}},"26":{"start":{"line":31,"column":0},"end":{"line":31,"column":13}}},"fnMap":{"0":{"name":"(anonymous_7)","decl":{"start":{"line":32,"column":2},"end":{"line":32,"column":null}},"loc":{"start":{"line":36,"column":33},"end":{"line":37,"column":6}}},"1":{"name":"(anonymous_8)","decl":{"start":{"line":49,"column":19},"end":{"line":49,"column":null}},"loc":{"start":{"line":52,"column":6},"end":{"line":65,"column":null}}},"2":{"name":"(anonymous_9)","decl":{"start":{"line":52,"column":6},"end":{"line":52,"column":null}},"loc":{"start":{"line":51,"column":31},"end":{"line":65,"column":3}}},"3":{"name":"(anonymous_10)","decl":{"start":{"line":67,"column":15},"end":{"line":67,"column":null}},"loc":{"start":{"line":70,"column":6},"end":{"line":81,"column":null}}},"4":{"name":"(anonymous_11)","decl":{"start":{"line":70,"column":6},"end":{"line":70,"column":null}},"loc":{"start":{"line":69,"column":25},"end":{"line":81,"column":3}}},"5":{"name":"(anonymous_12)","decl":{"start":{"line":83,"column":17},"end":{"line":83,"column":null}},"loc":{"start":{"line":86,"column":6},"end":{"line":97,"column":null}}},"6":{"name":"(anonymous_13)","decl":{"start":{"line":86,"column":6},"end":{"line":86,"column":null}},"loc":{"start":{"line":85,"column":25},"end":{"line":97,"column":3}}},"7":{"name":"(anonymous_14)","decl":{"start":{"line":39,"column":10},"end":{"line":39,"column":33}},"loc":{"start":{"line":39,"column":49},"end":{"line":47,"column":3}}}},"branchMap":{"0":{"loc":{"start":{"line":72,"column":6},"end":{"line":74,"column":19}},"type":"cond-expr","locations":[{"start":{"line":73,"column":10},"end":{"line":73,"column":50}},{"start":{"line":74,"column":10},"end":{"line":74,"column":19}}]},"1":{"loc":{"start":{"line":76,"column":6},"end":{"line":78,"column":19}},"type":"cond-expr","locations":[{"start":{"line":77,"column":10},"end":{"line":77,"column":51}},{"start":{"line":78,"column":10},"end":{"line":78,"column":19}}]},"2":{"loc":{"start":{"line":88,"column":6},"end":{"line":90,"column":19}},"type":"cond-expr","locations":[{"start":{"line":89,"column":10},"end":{"line":89,"column":50}},{"start":{"line":90,"column":10},"end":{"line":90,"column":19}}]},"3":{"loc":{"start":{"line":92,"column":6},"end":{"line":94,"column":19}},"type":"cond-expr","locations":[{"start":{"line":93,"column":10},"end":{"line":93,"column":51}},{"start":{"line":94,"column":10},"end":{"line":94,"column":19}}]},"4":{"loc":{"start":{"line":42,"column":6},"end":{"line":42,"column":null}},"type":"if","locations":[{"start":{"line":42,"column":6},"end":{"line":42,"column":null}}]}},"s":{"0":0,"1":0,"2":0,"3":0,"4":0,"5":0,"6":0,"7":0,"8":0,"9":0,"10":0,"11":0,"12":0,"13":0,"14":0,"15":0,"16":0,"17":0,"18":0,"19":0,"20":0,"21":0,"22":0,"23":0,"24":0,"25":0,"26":2},"f":{"0":0,"1":0,"2":0,"3":0,"4":0,"5":0,"6":0,"7":0},"b":{"0":[0,0],"1":[0,0],"2":[0,0],"3":[0,0],"4":[0]}}
,"/Users/diego/Desktop/backend-dictionary/server/src/controllers/index.ts": {"path":"/Users/diego/Desktop/backend-dictionary/server/src/controllers/index.ts","statementMap":{"0":{"start":{"line":1,"column":0},"end":{"line":1,"column":37}},"1":{"start":{"line":2,"column":0},"end":{"line":2,"column":32}},"2":{"start":{"line":3,"column":0},"end":{"line":3,"column":32}},"3":{"start":{"line":4,"column":0},"end":{"line":4,"column":35}}},"fnMap":{},"branchMap":{},"s":{"0":2,"1":2,"2":2,"3":2},"f":{},"b":{}}
,"/Users/diego/Desktop/backend-dictionary/server/src/tests/testSetup.ts": {"path":"/Users/diego/Desktop/backend-dictionary/server/src/tests/testSetup.ts","statementMap":{"0":{"start":{"line":13,"column":13},"end":{"line":24,"column":null}},"1":{"start":{"line":26,"column":13},"end":{"line":26,"column":null}},"2":{"start":{"line":27,"column":13},"end":{"line":27,"column":null}},"3":{"start":{"line":28,"column":13},"end":{"line":28,"column":null}},"4":{"start":{"line":29,"column":13},"end":{"line":29,"column":null}},"5":{"start":{"line":32,"column":27},"end":{"line":36,"column":2}},"6":{"start":{"line":32,"column":78},"end":{"line":36,"column":2}},"7":{"start":{"line":32,"column":13},"end":{"line":32,"column":27}},"8":{"start":{"line":37,"column":28},"end":{"line":43,"column":1}},"9":{"start":{"line":38,"column":33},"end":{"line":38,"column":35}},"10":{"start":{"line":39,"column":2},"end":{"line":39,"column":null}},"11":{"start":{"line":40,"column":2},"end":{"line":40,"column":null}},"12":{"start":{"line":41,"column":2},"end":{"line":41,"column":null}},"13":{"start":{"line":42,"column":2},"end":{"line":42,"column":null}},"14":{"start":{"line":37,"column":13},"end":{"line":37,"column":28}}},"fnMap":{"0":{"name":"(anonymous_0)","decl":{"start":{"line":32,"column":27},"end":{"line":32,"column":28}},"loc":{"start":{"line":32,"column":78},"end":{"line":36,"column":2}}},"1":{"name":"(anonymous_1)","decl":{"start":{"line":37,"column":28},"end":{"line":37,"column":31}},"loc":{"start":{"line":37,"column":33},"end":{"line":43,"column":1}}}},"branchMap":{"0":{"loc":{"start":{"line":32,"column":39},"end":{"line":32,"column":55}},"type":"default-arg","locations":[{"start":{"line":32,"column":53},"end":{"line":32,"column":55}}]},"1":{"loc":{"start":{"line":32,"column":57},"end":{"line":32,"column":72}},"type":"default-arg","locations":[{"start":{"line":32,"column":70},"end":{"line":32,"column":72}}]}},"s":{"0":4,"1":4,"2":4,"3":4,"4":4,"5":4,"6":10,"7":4,"8":4,"9":10,"10":10,"11":10,"12":10,"13":10,"14":4},"f":{"0":10,"1":10},"b":{"0":[8],"1":[8]}}
,"/Users/diego/Desktop/backend-dictionary/server/src/usecases/AddWordToFavorites.ts": {"path":"/Users/diego/Desktop/backend-dictionary/server/src/usecases/AddWordToFavorites.ts","statementMap":{"0":{"start":{"line":6,"column":12},"end":{"line":6,"column":51}},"1":{"start":{"line":7,"column":12},"end":{"line":7,"column":51}},"2":{"start":{"line":10,"column":2},"end":{"line":22,"column":null}},"3":{"start":{"line":10,"column":62},"end":{"line":22,"column":null}},"4":{"start":{"line":11,"column":4},"end":{"line":13,"column":5}},"5":{"start":{"line":12,"column":6},"end":{"line":12,"column":null}},"6":{"start":{"line":16,"column":6},"end":{"line":16,"column":66}},"7":{"start":{"line":17,"column":4},"end":{"line":18,"column":null}},"8":{"start":{"line":18,"column":6},"end":{"line":18,"column":null}},"9":{"start":{"line":20,"column":21},"end":{"line":20,"column":75}},"10":{"start":{"line":21,"column":4},"end":{"line":21,"column":null}},"11":{"start":{"line":4,"column":0},"end":{"line":4,"column":13}}},"fnMap":{"0":{"name":"(anonymous_7)","decl":{"start":{"line":5,"column":2},"end":{"line":5,"column":null}},"loc":{"start":{"line":7,"column":51},"end":{"line":8,"column":6}}},"1":{"name":"(anonymous_8)","decl":{"start":{"line":10,"column":12},"end":{"line":10,"column":19}},"loc":{"start":{"line":10,"column":62},"end":{"line":22,"column":null}}},"2":{"name":"(anonymous_9)","decl":{"start":{"line":10,"column":62},"end":{"line":10,"column":null}},"loc":{"start":{"line":10,"column":62},"end":{"line":22,"column":3}}}},"branchMap":{"0":{"loc":{"start":{"line":11,"column":4},"end":{"line":13,"column":5}},"type":"if","locations":[{"start":{"line":11,"column":4},"end":{"line":13,"column":5}}]},"1":{"loc":{"start":{"line":17,"column":4},"end":{"line":18,"column":null}},"type":"if","locations":[{"start":{"line":17,"column":4},"end":{"line":18,"column":null}}]}},"s":{"0":2,"1":2,"2":2,"3":8,"4":8,"5":2,"6":6,"7":6,"8":1,"9":5,"10":3,"11":10},"f":{"0":2,"1":8,"2":8},"b":{"0":[2],"1":[1]}}
,"/Users/diego/Desktop/backend-dictionary/server/src/usecases/GetEntries.ts": {"path":"/Users/diego/Desktop/backend-dictionary/server/src/usecases/GetEntries.ts","statementMap":{"0":{"start":{"line":14,"column":22},"end":{"line":14,"column":61}},"1":{"start":{"line":16,"column":2},"end":{"line":33,"column":null}},"2":{"start":{"line":16,"column":70},"end":{"line":33,"column":null}},"3":{"start":{"line":17,"column":34},"end":{"line":17,"column":70}},"4":{"start":{"line":18,"column":20},"end":{"line":18,"column":50}},"5":{"start":{"line":18,"column":40},"end":{"line":18,"column":49}},"6":{"start":{"line":19,"column":22},"end":{"line":19,"column":32}},"7":{"start":{"line":20,"column":18},"end":{"line":20,"column":29}},"8":{"start":{"line":21,"column":17},"end":{"line":21,"column":32}},"9":{"start":{"line":22,"column":23},"end":{"line":22,"column":77}},"10":{"start":{"line":23,"column":20},"end":{"line":23,"column":37}},"11":{"start":{"line":24,"column":20},"end":{"line":24,"column":28}},"12":{"start":{"line":25,"column":4},"end":{"line":32,"column":null}},"13":{"start":{"line":13,"column":0},"end":{"line":13,"column":13}}},"fnMap":{"0":{"name":"(anonymous_7)","decl":{"start":{"line":14,"column":2},"end":{"line":14,"column":22}},"loc":{"start":{"line":14,"column":61},"end":{"line":14,"column":65}}},"1":{"name":"(anonymous_8)","decl":{"start":{"line":16,"column":12},"end":{"line":16,"column":19}},"loc":{"start":{"line":16,"column":70},"end":{"line":33,"column":null}}},"2":{"name":"(anonymous_9)","decl":{"start":{"line":16,"column":70},"end":{"line":16,"column":null}},"loc":{"start":{"line":16,"column":70},"end":{"line":33,"column":3}}},"3":{"name":"(anonymous_10)","decl":{"start":{"line":18,"column":30},"end":{"line":18,"column":31}},"loc":{"start":{"line":18,"column":40},"end":{"line":18,"column":49}}}},"branchMap":{"0":{"loc":{"start":{"line":21,"column":17},"end":{"line":21,"column":32}},"type":"cond-expr","locations":[{"start":{"line":21,"column":27},"end":{"line":21,"column":31}},{"start":{"line":21,"column":31},"end":{"line":21,"column":32}}]},"1":{"loc":{"start":{"line":21,"column":17},"end":{"line":21,"column":31}},"type":"binary-expr","locations":[{"start":{"line":21,"column":17},"end":{"line":21,"column":31}},{"start":{"line":21,"column":27},"end":{"line":21,"column":31}}]},"2":{"loc":{"start":{"line":22,"column":23},"end":{"line":22,"column":77}},"type":"cond-expr","locations":[{"start":{"line":22,"column":45},"end":{"line":22,"column":46}},{"start":{"line":22,"column":49},"end":{"line":22,"column":77}}]}},"s":{"0":4,"1":4,"2":4,"3":4,"4":4,"5":8,"6":4,"7":4,"8":4,"9":4,"10":4,"11":4,"12":4,"13":10},"f":{"0":4,"1":4,"2":4,"3":8},"b":{"0":[3,1],"1":[4,4],"2":[1,3]}}
,"/Users/diego/Desktop/backend-dictionary/server/src/usecases/GetFavorites.ts": {"path":"/Users/diego/Desktop/backend-dictionary/server/src/usecases/GetFavorites.ts","statementMap":{"0":{"start":{"line":6,"column":22},"end":{"line":6,"column":61}},"1":{"start":{"line":8,"column":2},"end":{"line":32,"column":null}},"2":{"start":{"line":11,"column":33},"end":{"line":32,"column":null}},"3":{"start":{"line":12,"column":34},"end":{"line":14,"column":null}},"4":{"start":{"line":16,"column":20},"end":{"line":16,"column":25}},"5":{"start":{"line":17,"column":22},"end":{"line":17,"column":32}},"6":{"start":{"line":18,"column":18},"end":{"line":18,"column":40}},"7":{"start":{"line":19,"column":17},"end":{"line":19,"column":37}},"8":{"start":{"line":20,"column":23},"end":{"line":20,"column":73}},"9":{"start":{"line":21,"column":20},"end":{"line":21,"column":37}},"10":{"start":{"line":22,"column":20},"end":{"line":22,"column":28}},"11":{"start":{"line":24,"column":4},"end":{"line":31,"column":null}},"12":{"start":{"line":5,"column":0},"end":{"line":5,"column":13}}},"fnMap":{"0":{"name":"(anonymous_7)","decl":{"start":{"line":6,"column":2},"end":{"line":6,"column":22}},"loc":{"start":{"line":6,"column":61},"end":{"line":6,"column":65}}},"1":{"name":"(anonymous_8)","decl":{"start":{"line":8,"column":12},"end":{"line":8,"column":null}},"loc":{"start":{"line":11,"column":33},"end":{"line":32,"column":null}}},"2":{"name":"(anonymous_9)","decl":{"start":{"line":11,"column":33},"end":{"line":11,"column":null}},"loc":{"start":{"line":11,"column":33},"end":{"line":32,"column":3}}}},"branchMap":{"0":{"loc":{"start":{"line":18,"column":18},"end":{"line":18,"column":40}},"type":"cond-expr","locations":[{"start":{"line":18,"column":34},"end":{"line":18,"column":38}},{"start":{"line":18,"column":38},"end":{"line":18,"column":40}}]},"1":{"loc":{"start":{"line":18,"column":18},"end":{"line":18,"column":38}},"type":"binary-expr","locations":[{"start":{"line":18,"column":18},"end":{"line":18,"column":38}},{"start":{"line":18,"column":34},"end":{"line":18,"column":38}}]},"2":{"loc":{"start":{"line":19,"column":17},"end":{"line":19,"column":37}},"type":"cond-expr","locations":[{"start":{"line":19,"column":32},"end":{"line":19,"column":36}},{"start":{"line":19,"column":36},"end":{"line":19,"column":37}}]},"3":{"loc":{"start":{"line":19,"column":17},"end":{"line":19,"column":36}},"type":"binary-expr","locations":[{"start":{"line":19,"column":17},"end":{"line":19,"column":36}},{"start":{"line":19,"column":32},"end":{"line":19,"column":36}}]},"4":{"loc":{"start":{"line":20,"column":23},"end":{"line":20,"column":73}},"type":"cond-expr","locations":[{"start":{"line":20,"column":41},"end":{"line":20,"column":42}},{"start":{"line":20,"column":45},"end":{"line":20,"column":73}}]}},"s":{"0":4,"1":4,"2":4,"3":4,"4":4,"5":4,"6":4,"7":4,"8":4,"9":4,"10":4,"11":4,"12":10},"f":{"0":4,"1":4,"2":4},"b":{"0":[3,1],"1":[4,4],"2":[4,0],"3":[4,4],"4":[1,3]}}
,"/Users/diego/Desktop/backend-dictionary/server/src/usecases/GetHistory.ts": {"path":"/Users/diego/Desktop/backend-dictionary/server/src/usecases/GetHistory.ts","statementMap":{"0":{"start":{"line":14,"column":22},"end":{"line":14,"column":61}},"1":{"start":{"line":16,"column":2},"end":{"line":39,"column":null}},"2":{"start":{"line":19,"column":33},"end":{"line":39,"column":null}},"3":{"start":{"line":20,"column":34},"end":{"line":22,"column":null}},"4":{"start":{"line":24,"column":20},"end":{"line":24,"column":25}},"5":{"start":{"line":25,"column":22},"end":{"line":25,"column":32}},"6":{"start":{"line":26,"column":18},"end":{"line":26,"column":34}},"7":{"start":{"line":27,"column":17},"end":{"line":27,"column":37}},"8":{"start":{"line":28,"column":23},"end":{"line":28,"column":77}},"9":{"start":{"line":29,"column":20},"end":{"line":29,"column":37}},"10":{"start":{"line":30,"column":20},"end":{"line":30,"column":28}},"11":{"start":{"line":31,"column":4},"end":{"line":38,"column":null}},"12":{"start":{"line":13,"column":0},"end":{"line":13,"column":13}}},"fnMap":{"0":{"name":"(anonymous_7)","decl":{"start":{"line":14,"column":2},"end":{"line":14,"column":22}},"loc":{"start":{"line":14,"column":61},"end":{"line":14,"column":65}}},"1":{"name":"(anonymous_8)","decl":{"start":{"line":16,"column":12},"end":{"line":16,"column":null}},"loc":{"start":{"line":19,"column":33},"end":{"line":39,"column":null}}},"2":{"name":"(anonymous_9)","decl":{"start":{"line":19,"column":33},"end":{"line":19,"column":null}},"loc":{"start":{"line":19,"column":33},"end":{"line":39,"column":3}}}},"branchMap":{"0":{"loc":{"start":{"line":27,"column":17},"end":{"line":27,"column":37}},"type":"cond-expr","locations":[{"start":{"line":27,"column":32},"end":{"line":27,"column":36}},{"start":{"line":27,"column":36},"end":{"line":27,"column":37}}]},"1":{"loc":{"start":{"line":27,"column":17},"end":{"line":27,"column":36}},"type":"binary-expr","locations":[{"start":{"line":27,"column":17},"end":{"line":27,"column":36}},{"start":{"line":27,"column":32},"end":{"line":27,"column":36}}]},"2":{"loc":{"start":{"line":28,"column":23},"end":{"line":28,"column":77}},"type":"cond-expr","locations":[{"start":{"line":28,"column":45},"end":{"line":28,"column":46}},{"start":{"line":28,"column":49},"end":{"line":28,"column":77}}]}},"s":{"0":4,"1":4,"2":4,"3":4,"4":4,"5":4,"6":4,"7":4,"8":4,"9":4,"10":4,"11":4,"12":10},"f":{"0":4,"1":4,"2":4},"b":{"0":[4,0],"1":[4,4],"2":[1,3]}}
,"/Users/diego/Desktop/backend-dictionary/server/src/usecases/GetUserProfile.ts": {"path":"/Users/diego/Desktop/backend-dictionary/server/src/usecases/GetUserProfile.ts","statementMap":{"0":{"start":{"line":4,"column":22},"end":{"line":4,"column":61}},"1":{"start":{"line":6,"column":2},"end":{"line":13,"column":null}},"2":{"start":{"line":8,"column":60},"end":{"line":13,"column":null}},"3":{"start":{"line":9,"column":17},"end":{"line":9,"column":55}},"4":{"start":{"line":10,"column":4},"end":{"line":11,"column":null}},"5":{"start":{"line":11,"column":6},"end":{"line":11,"column":null}},"6":{"start":{"line":12,"column":4},"end":{"line":12,"column":null}},"7":{"start":{"line":3,"column":0},"end":{"line":3,"column":13}}},"fnMap":{"0":{"name":"(anonymous_7)","decl":{"start":{"line":4,"column":2},"end":{"line":4,"column":22}},"loc":{"start":{"line":4,"column":61},"end":{"line":4,"column":65}}},"1":{"name":"(anonymous_8)","decl":{"start":{"line":6,"column":12},"end":{"line":6,"column":null}},"loc":{"start":{"line":8,"column":60},"end":{"line":13,"column":null}}},"2":{"name":"(anonymous_9)","decl":{"start":{"line":8,"column":60},"end":{"line":8,"column":null}},"loc":{"start":{"line":8,"column":60},"end":{"line":13,"column":3}}}},"branchMap":{"0":{"loc":{"start":{"line":10,"column":4},"end":{"line":11,"column":null}},"type":"if","locations":[{"start":{"line":10,"column":4},"end":{"line":11,"column":null}}]}},"s":{"0":2,"1":2,"2":2,"3":2,"4":2,"5":1,"6":1,"7":10},"f":{"0":2,"1":2,"2":2},"b":{"0":[1]}}
,"/Users/diego/Desktop/backend-dictionary/server/src/usecases/RemoveWordFromFavorites.ts": {"path":"/Users/diego/Desktop/backend-dictionary/server/src/usecases/RemoveWordFromFavorites.ts","statementMap":{"0":{"start":{"line":6,"column":12},"end":{"line":6,"column":51}},"1":{"start":{"line":7,"column":12},"end":{"line":7,"column":51}},"2":{"start":{"line":10,"column":2},"end":{"line":22,"column":null}},"3":{"start":{"line":10,"column":62},"end":{"line":22,"column":null}},"4":{"start":{"line":11,"column":4},"end":{"line":13,"column":5}},"5":{"start":{"line":12,"column":6},"end":{"line":12,"column":null}},"6":{"start":{"line":16,"column":6},"end":{"line":16,"column":66}},"7":{"start":{"line":17,"column":4},"end":{"line":18,"column":null}},"8":{"start":{"line":18,"column":6},"end":{"line":18,"column":null}},"9":{"start":{"line":20,"column":21},"end":{"line":20,"column":80}},"10":{"start":{"line":21,"column":4},"end":{"line":21,"column":null}},"11":{"start":{"line":4,"column":0},"end":{"line":4,"column":13}}},"fnMap":{"0":{"name":"(anonymous_7)","decl":{"start":{"line":5,"column":2},"end":{"line":5,"column":null}},"loc":{"start":{"line":7,"column":51},"end":{"line":8,"column":6}}},"1":{"name":"(anonymous_8)","decl":{"start":{"line":10,"column":12},"end":{"line":10,"column":19}},"loc":{"start":{"line":10,"column":62},"end":{"line":22,"column":null}}},"2":{"name":"(anonymous_9)","decl":{"start":{"line":10,"column":62},"end":{"line":10,"column":null}},"loc":{"start":{"line":10,"column":62},"end":{"line":22,"column":3}}}},"branchMap":{"0":{"loc":{"start":{"line":11,"column":4},"end":{"line":13,"column":5}},"type":"if","locations":[{"start":{"line":11,"column":4},"end":{"line":13,"column":5}}]},"1":{"loc":{"start":{"line":17,"column":4},"end":{"line":18,"column":null}},"type":"if","locations":[{"start":{"line":17,"column":4},"end":{"line":18,"column":null}}]}},"s":{"0":2,"1":2,"2":2,"3":7,"4":7,"5":2,"6":5,"7":5,"8":2,"9":3,"10":2,"11":10},"f":{"0":2,"1":7,"2":7},"b":{"0":[2],"1":[2]}}
,"/Users/diego/Desktop/backend-dictionary/server/src/usecases/Signin.ts": {"path":"/Users/diego/Desktop/backend-dictionary/server/src/usecases/Signin.ts","statementMap":{"0":{"start":{"line":9,"column":12},"end":{"line":9,"column":51}},"1":{"start":{"line":10,"column":12},"end":{"line":10,"column":35}},"2":{"start":{"line":11,"column":12},"end":{"line":11,"column":38}},"3":{"start":{"line":14,"column":2},"end":{"line":30,"column":null}},"4":{"start":{"line":17,"column":60},"end":{"line":30,"column":null}},"5":{"start":{"line":18,"column":17},"end":{"line":18,"column":61}},"6":{"start":{"line":19,"column":4},"end":{"line":21,"column":5}},"7":{"start":{"line":20,"column":6},"end":{"line":20,"column":null}},"8":{"start":{"line":23,"column":28},"end":{"line":23,"column":78}},"9":{"start":{"line":24,"column":4},"end":{"line":26,"column":5}},"10":{"start":{"line":25,"column":6},"end":{"line":25,"column":null}},"11":{"start":{"line":28,"column":18},"end":{"line":28,"column":44}},"12":{"start":{"line":29,"column":4},"end":{"line":29,"column":null}},"13":{"start":{"line":7,"column":0},"end":{"line":7,"column":13}}},"fnMap":{"0":{"name":"(anonymous_7)","decl":{"start":{"line":8,"column":2},"end":{"line":8,"column":null}},"loc":{"start":{"line":11,"column":38},"end":{"line":12,"column":6}}},"1":{"name":"(anonymous_8)","decl":{"start":{"line":14,"column":12},"end":{"line":14,"column":null}},"loc":{"start":{"line":17,"column":60},"end":{"line":30,"column":null}}},"2":{"name":"(anonymous_9)","decl":{"start":{"line":17,"column":60},"end":{"line":17,"column":null}},"loc":{"start":{"line":17,"column":60},"end":{"line":30,"column":3}}}},"branchMap":{"0":{"loc":{"start":{"line":19,"column":4},"end":{"line":21,"column":5}},"type":"if","locations":[{"start":{"line":19,"column":4},"end":{"line":21,"column":5}}]},"1":{"loc":{"start":{"line":24,"column":4},"end":{"line":26,"column":5}},"type":"if","locations":[{"start":{"line":24,"column":4},"end":{"line":26,"column":5}}]}},"s":{"0":4,"1":4,"2":4,"3":4,"4":4,"5":4,"6":3,"7":1,"8":2,"9":2,"10":1,"11":1,"12":1,"13":10},"f":{"0":4,"1":4,"2":4},"b":{"0":[1],"1":[1]}}
,"/Users/diego/Desktop/backend-dictionary/server/src/usecases/Signup.ts": {"path":"/Users/diego/Desktop/backend-dictionary/server/src/usecases/Signup.ts","statementMap":{"0":{"start":{"line":9,"column":12},"end":{"line":9,"column":51}},"1":{"start":{"line":10,"column":12},"end":{"line":10,"column":35}},"2":{"start":{"line":11,"column":12},"end":{"line":11,"column":38}},"3":{"start":{"line":32,"column":2},"end":{"line":50,"column":null}},"4":{"start":{"line":36,"column":60},"end":{"line":50,"column":null}},"5":{"start":{"line":37,"column":4},"end":{"line":37,"column":null}},"6":{"start":{"line":38,"column":4},"end":{"line":38,"column":null}},"7":{"start":{"line":39,"column":27},"end":{"line":39,"column":59}},"8":{"start":{"line":40,"column":22},"end":{"line":40,"column":66}},"9":{"start":{"line":41,"column":4},"end":{"line":42,"column":null}},"10":{"start":{"line":42,"column":6},"end":{"line":42,"column":null}},"11":{"start":{"line":43,"column":17},"end":{"line":47,"column":6}},"12":{"start":{"line":48,"column":18},"end":{"line":48,"column":44}},"13":{"start":{"line":49,"column":4},"end":{"line":49,"column":null}},"14":{"start":{"line":18,"column":4},"end":{"line":20,"column":5}},"15":{"start":{"line":19,"column":6},"end":{"line":19,"column":null}},"16":{"start":{"line":26,"column":23},"end":{"line":26,"column":73}},"17":{"start":{"line":27,"column":4},"end":{"line":29,"column":5}},"18":{"start":{"line":28,"column":6},"end":{"line":28,"column":null}},"19":{"start":{"line":7,"column":0},"end":{"line":7,"column":13}}},"fnMap":{"0":{"name":"(anonymous_7)","decl":{"start":{"line":8,"column":2},"end":{"line":8,"column":null}},"loc":{"start":{"line":11,"column":38},"end":{"line":12,"column":6}}},"1":{"name":"(anonymous_8)","decl":{"start":{"line":32,"column":12},"end":{"line":32,"column":null}},"loc":{"start":{"line":36,"column":60},"end":{"line":50,"column":null}}},"2":{"name":"(anonymous_9)","decl":{"start":{"line":36,"column":60},"end":{"line":36,"column":null}},"loc":{"start":{"line":36,"column":60},"end":{"line":50,"column":3}}},"3":{"name":"(anonymous_10)","decl":{"start":{"line":14,"column":10},"end":{"line":14,"column":32}},"loc":{"start":{"line":14,"column":49},"end":{"line":21,"column":3}}},"4":{"name":"(anonymous_11)","decl":{"start":{"line":23,"column":10},"end":{"line":23,"column":29}},"loc":{"start":{"line":23,"column":43},"end":{"line":30,"column":3}}}},"branchMap":{"0":{"loc":{"start":{"line":41,"column":4},"end":{"line":42,"column":null}},"type":"if","locations":[{"start":{"line":41,"column":4},"end":{"line":42,"column":null}}]},"1":{"loc":{"start":{"line":18,"column":4},"end":{"line":20,"column":5}},"type":"if","locations":[{"start":{"line":18,"column":4},"end":{"line":20,"column":5}}]},"2":{"loc":{"start":{"line":27,"column":4},"end":{"line":29,"column":5}},"type":"if","locations":[{"start":{"line":27,"column":4},"end":{"line":29,"column":5}}]}},"s":{"0":5,"1":5,"2":5,"3":5,"4":5,"5":5,"6":4,"7":3,"8":3,"9":3,"10":1,"11":2,"12":1,"13":1,"14":4,"15":1,"16":5,"17":5,"18":1,"19":10},"f":{"0":5,"1":5,"2":5,"3":4,"4":5},"b":{"0":[1],"1":[1],"2":[1]}}
,"/Users/diego/Desktop/backend-dictionary/server/src/usecases/ViewEntry.ts": {"path":"/Users/diego/Desktop/backend-dictionary/server/src/usecases/ViewEntry.ts","statementMap":{"0":{"start":{"line":6,"column":12},"end":{"line":6,"column":51}},"1":{"start":{"line":7,"column":12},"end":{"line":7,"column":51}},"2":{"start":{"line":10,"column":2},"end":{"line":17,"column":null}},"3":{"start":{"line":10,"column":62},"end":{"line":17,"column":null}},"4":{"start":{"line":12,"column":6},"end":{"line":12,"column":69}},"5":{"start":{"line":13,"column":21},"end":{"line":15,"column":65}},"6":{"start":{"line":16,"column":4},"end":{"line":16,"column":null}},"7":{"start":{"line":4,"column":0},"end":{"line":4,"column":13}}},"fnMap":{"0":{"name":"(anonymous_7)","decl":{"start":{"line":5,"column":2},"end":{"line":5,"column":null}},"loc":{"start":{"line":7,"column":51},"end":{"line":8,"column":6}}},"1":{"name":"(anonymous_8)","decl":{"start":{"line":10,"column":12},"end":{"line":10,"column":19}},"loc":{"start":{"line":10,"column":62},"end":{"line":17,"column":null}}},"2":{"name":"(anonymous_9)","decl":{"start":{"line":10,"column":62},"end":{"line":10,"column":null}},"loc":{"start":{"line":10,"column":62},"end":{"line":17,"column":3}}}},"branchMap":{"0":{"loc":{"start":{"line":13,"column":21},"end":{"line":15,"column":65}},"type":"cond-expr","locations":[{"start":{"line":14,"column":8},"end":{"line":14,"column":47}},{"start":{"line":15,"column":8},"end":{"line":15,"column":65}}]}},"s":{"0":3,"1":3,"2":3,"3":3,"4":3,"5":3,"6":2,"7":10},"f":{"0":3,"1":3,"2":3},"b":{"0":[1,2]}}
,"/Users/diego/Desktop/backend-dictionary/server/src/usecases/index.ts": {"path":"/Users/diego/Desktop/backend-dictionary/server/src/usecases/index.ts","statementMap":{"0":{"start":{"line":1,"column":0},"end":{"line":1,"column":24}},"1":{"start":{"line":2,"column":0},"end":{"line":2,"column":24}},"2":{"start":{"line":3,"column":0},"end":{"line":3,"column":32}},"3":{"start":{"line":4,"column":0},"end":{"line":4,"column":28}},"4":{"start":{"line":5,"column":0},"end":{"line":5,"column":27}},"5":{"start":{"line":6,"column":0},"end":{"line":6,"column":36}},"6":{"start":{"line":7,"column":0},"end":{"line":7,"column":41}},"7":{"start":{"line":8,"column":0},"end":{"line":8,"column":28}},"8":{"start":{"line":9,"column":0},"end":{"line":9,"column":30}}},"fnMap":{},"branchMap":{},"s":{"0":10,"1":10,"2":10,"3":10,"4":10,"5":10,"6":10,"7":10,"8":10},"f":{},"b":{}}
}
