TN:
SF:src/controllers/AuthController.ts
FN:30,(anonymous_7)
FN:35,(anonymous_8)
FN:35,(anonymous_9)
FN:41,(anonymous_10)
FN:41,(anonymous_11)
FNF:5
FNH:5
FNDA:1,(anonymous_7)
FNDA:4,(anonymous_8)
FNDA:4,(anonymous_9)
FNDA:4,(anonymous_10)
FNDA:4,(anonymous_11)
DA:29,2
DA:31,1
DA:32,1
DA:35,4
DA:36,4
DA:37,4
DA:38,1
DA:41,4
DA:42,4
DA:43,4
DA:44,1
LF:11
LH:11
BRF:0
BRH:0
end_of_record
TN:
SF:src/controllers/EntriesController.ts
FN:31,(anonymous_7)
FN:49,(anonymous_8)
FN:52,(anonymous_9)
FN:77,(anonymous_10)
FN:80,(anonymous_11)
FN:96,(anonymous_12)
FN:99,(anonymous_13)
FN:104,(anonymous_14)
FN:107,(anonymous_15)
FN:39,(anonymous_16)
FNF:10
FNH:4
FNDA:1,(anonymous_7)
FNDA:2,(anonymous_8)
FNDA:2,(anonymous_9)
FNDA:0,(anonymous_10)
FNDA:0,(anonymous_11)
FNDA:0,(anonymous_12)
FNDA:0,(anonymous_13)
FNDA:0,(anonymous_14)
FNDA:0,(anonymous_15)
FNDA:4,(anonymous_16)
DA:30,2
DA:32,1
DA:33,1
DA:34,1
DA:35,1
DA:36,1
DA:40,4
DA:41,4
DA:42,4
DA:43,4
DA:45,0
DA:49,1
DA:52,2
DA:54,2
DA:58,2
DA:61,2
DA:62,2
DA:63,2
DA:68,1
DA:77,1
DA:80,0
DA:81,0
DA:87,0
DA:96,1
DA:99,0
DA:100,0
DA:101,0
DA:104,1
DA:107,0
DA:108,0
DA:112,0
LF:31
LH:21
BRDA:54,0,0,2
BRDA:54,0,1,0
BRDA:58,1,0,2
BRDA:58,1,1,0
BRDA:42,2,0,0
BRF:5
BRH:2
end_of_record
TN:
SF:src/controllers/MainRouteController.ts
FN:8,(anonymous_0)
FNF:1
FNH:0
FNDA:0,(anonymous_0)
DA:7,2
DA:9,0
DA:10,0
LF:3
LH:1
BRF:0
BRH:0
end_of_record
TN:
SF:src/controllers/UserController.ts
FN:32,(anonymous_7)
FN:49,(anonymous_8)
FN:52,(anonymous_9)
FN:67,(anonymous_10)
FN:70,(anonymous_11)
FN:83,(anonymous_12)
FN:86,(anonymous_13)
FN:39,(anonymous_14)
FNF:8
FNH:0
FNDA:0,(anonymous_7)
FNDA:0,(anonymous_8)
FNDA:0,(anonymous_9)
FNDA:0,(anonymous_10)
FNDA:0,(anonymous_11)
FNDA:0,(anonymous_12)
FNDA:0,(anonymous_13)
FNDA:0,(anonymous_14)
DA:31,2
DA:33,0
DA:34,0
DA:35,0
DA:36,0
DA:40,0
DA:41,0
DA:42,0
DA:43,0
DA:45,0
DA:49,0
DA:52,0
DA:53,0
DA:58,0
DA:67,0
DA:70,0
DA:72,0
DA:76,0
DA:79,0
DA:80,0
DA:83,0
DA:86,0
DA:88,0
DA:92,0
DA:95,0
DA:96,0
LF:26
LH:1
BRDA:72,0,0,0
BRDA:72,0,1,0
BRDA:76,1,0,0
BRDA:76,1,1,0
BRDA:88,2,0,0
BRDA:88,2,1,0
BRDA:92,3,0,0
BRDA:92,3,1,0
BRDA:42,4,0,0
BRF:9
BRH:0
end_of_record
TN:
SF:src/controllers/index.ts
FNF:0
FNH:0
DA:1,2
DA:2,2
DA:3,2
DA:4,2
LF:4
LH:4
BRF:0
BRH:0
end_of_record
TN:
SF:src/tests/testSetup.ts
FN:32,(anonymous_0)
FN:37,(anonymous_1)
FNF:2
FNH:2
FNDA:10,(anonymous_0)
FNDA:10,(anonymous_1)
DA:13,4
DA:26,4
DA:27,4
DA:28,4
DA:29,4
DA:32,10
DA:37,4
DA:38,10
DA:39,10
DA:40,10
DA:41,10
DA:42,10
LF:12
LH:12
BRDA:32,0,0,8
BRDA:32,1,0,8
BRF:2
BRH:2
end_of_record
TN:
SF:src/usecases/AddWordToFavorites.ts
FN:5,(anonymous_7)
FN:10,(anonymous_8)
FN:10,(anonymous_9)
FNF:3
FNH:3
FNDA:2,(anonymous_7)
FNDA:8,(anonymous_8)
FNDA:8,(anonymous_9)
DA:4,10
DA:6,2
DA:7,2
DA:10,8
DA:11,8
DA:12,2
DA:16,6
DA:17,6
DA:18,1
DA:20,5
DA:21,3
LF:11
LH:11
BRDA:11,0,0,2
BRDA:17,1,0,1
BRF:2
BRH:2
end_of_record
TN:
SF:src/usecases/GetEntries.ts
FN:14,(anonymous_7)
FN:16,(anonymous_8)
FN:16,(anonymous_9)
FN:18,(anonymous_10)
FNF:4
FNH:4
FNDA:4,(anonymous_7)
FNDA:4,(anonymous_8)
FNDA:4,(anonymous_9)
FNDA:8,(anonymous_10)
DA:13,10
DA:14,4
DA:16,4
DA:17,4
DA:18,8
DA:19,4
DA:20,4
DA:21,4
DA:22,4
DA:23,4
DA:24,4
DA:25,4
LF:12
LH:12
BRDA:21,0,0,3
BRDA:21,0,1,1
BRDA:21,1,0,4
BRDA:21,1,1,4
BRDA:22,2,0,1
BRDA:22,2,1,3
BRF:6
BRH:6
end_of_record
TN:
SF:src/usecases/GetFavorites.ts
FN:6,(anonymous_7)
FN:8,(anonymous_8)
FN:11,(anonymous_9)
FNF:3
FNH:3
FNDA:4,(anonymous_7)
FNDA:4,(anonymous_8)
FNDA:4,(anonymous_9)
DA:5,10
DA:6,4
DA:8,4
DA:11,4
DA:12,4
DA:16,4
DA:17,4
DA:18,4
DA:19,4
DA:20,4
DA:21,4
DA:22,4
DA:24,4
LF:13
LH:13
BRDA:18,0,0,3
BRDA:18,0,1,1
BRDA:18,1,0,4
BRDA:18,1,1,4
BRDA:19,2,0,4
BRDA:19,2,1,0
BRDA:19,3,0,4
BRDA:19,3,1,4
BRDA:20,4,0,1
BRDA:20,4,1,3
BRF:10
BRH:9
end_of_record
TN:
SF:src/usecases/GetHistory.ts
FN:14,(anonymous_7)
FN:16,(anonymous_8)
FN:19,(anonymous_9)
FNF:3
FNH:3
FNDA:4,(anonymous_7)
FNDA:4,(anonymous_8)
FNDA:4,(anonymous_9)
DA:13,10
DA:14,4
DA:16,4
DA:19,4
DA:20,4
DA:24,4
DA:25,4
DA:26,4
DA:27,4
DA:28,4
DA:29,4
DA:30,4
DA:31,4
LF:13
LH:13
BRDA:27,0,0,4
BRDA:27,0,1,0
BRDA:27,1,0,4
BRDA:27,1,1,4
BRDA:28,2,0,1
BRDA:28,2,1,3
BRF:6
BRH:5
end_of_record
TN:
SF:src/usecases/GetUserProfile.ts
FN:4,(anonymous_7)
FN:6,(anonymous_8)
FN:8,(anonymous_9)
FNF:3
FNH:3
FNDA:2,(anonymous_7)
FNDA:2,(anonymous_8)
FNDA:2,(anonymous_9)
DA:3,10
DA:4,2
DA:6,2
DA:8,2
DA:9,2
DA:10,2
DA:11,1
DA:12,1
LF:8
LH:8
BRDA:10,0,0,1
BRF:1
BRH:1
end_of_record
TN:
SF:src/usecases/RemoveWordFromFavorites.ts
FN:5,(anonymous_7)
FN:10,(anonymous_8)
FN:10,(anonymous_9)
FNF:3
FNH:3
FNDA:2,(anonymous_7)
FNDA:7,(anonymous_8)
FNDA:7,(anonymous_9)
DA:4,10
DA:6,2
DA:7,2
DA:10,7
DA:11,7
DA:12,2
DA:16,5
DA:17,5
DA:18,2
DA:20,3
DA:21,2
LF:11
LH:11
BRDA:11,0,0,2
BRDA:17,1,0,2
BRF:2
BRH:2
end_of_record
TN:
SF:src/usecases/Signin.ts
FN:8,(anonymous_7)
FN:14,(anonymous_8)
FN:17,(anonymous_9)
FNF:3
FNH:3
FNDA:4,(anonymous_7)
FNDA:4,(anonymous_8)
FNDA:4,(anonymous_9)
DA:7,10
DA:9,4
DA:10,4
DA:11,4
DA:14,4
DA:17,4
DA:18,4
DA:19,3
DA:20,1
DA:23,2
DA:24,2
DA:25,1
DA:28,1
DA:29,1
LF:14
LH:14
BRDA:19,0,0,1
BRDA:24,1,0,1
BRF:2
BRH:2
end_of_record
TN:
SF:src/usecases/Signup.ts
FN:8,(anonymous_7)
FN:32,(anonymous_8)
FN:36,(anonymous_9)
FN:14,(anonymous_10)
FN:23,(anonymous_11)
FNF:5
FNH:5
FNDA:5,(anonymous_7)
FNDA:5,(anonymous_8)
FNDA:5,(anonymous_9)
FNDA:4,(anonymous_10)
FNDA:5,(anonymous_11)
DA:7,10
DA:9,5
DA:10,5
DA:11,5
DA:18,4
DA:19,1
DA:26,5
DA:27,5
DA:28,1
DA:32,5
DA:36,5
DA:37,5
DA:38,4
DA:39,3
DA:40,3
DA:41,3
DA:42,1
DA:43,2
DA:48,1
DA:49,1
LF:20
LH:20
BRDA:41,0,0,1
BRDA:18,1,0,1
BRDA:27,2,0,1
BRF:3
BRH:3
end_of_record
TN:
SF:src/usecases/ViewEntry.ts
FN:5,(anonymous_7)
FN:10,(anonymous_8)
FN:10,(anonymous_9)
FNF:3
FNH:3
FNDA:3,(anonymous_7)
FNDA:3,(anonymous_8)
FNDA:3,(anonymous_9)
DA:4,10
DA:6,3
DA:7,3
DA:10,3
DA:12,3
DA:13,3
DA:16,2
LF:7
LH:7
BRDA:13,0,0,1
BRDA:13,0,1,2
BRF:2
BRH:2
end_of_record
TN:
SF:src/usecases/index.ts
FNF:0
FNH:0
DA:1,10
DA:2,10
DA:3,10
DA:4,10
DA:5,10
DA:6,10
DA:7,10
DA:8,10
DA:9,10
LF:9
LH:9
BRF:0
BRH:0
end_of_record
