TN:
SF:src/controllers/AuthController.ts
FN:30,(anonymous_7)
FN:35,(anonymous_8)
FN:35,(anonymous_9)
FN:41,(anonymous_10)
FN:41,(anonymous_11)
FNF:5
FNH:5
FNDA:1,(anonymous_7)
FNDA:4,(anonymous_8)
FNDA:4,(anonymous_9)
FNDA:4,(anonymous_10)
FNDA:4,(anonymous_11)
DA:29,4
DA:31,1
DA:32,1
DA:35,4
DA:36,4
DA:37,4
DA:38,1
DA:41,4
DA:42,4
DA:43,4
DA:44,1
LF:11
LH:11
BRF:0
BRH:0
end_of_record
TN:
SF:src/controllers/EntriesController.ts
FN:31,(anonymous_7)
FN:49,(anonymous_8)
FN:52,(anonymous_9)
FN:77,(anonymous_10)
FN:80,(anonymous_11)
FN:96,(anonymous_12)
FN:99,(anonymous_13)
FN:104,(anonymous_14)
FN:107,(anonymous_15)
FN:39,(anonymous_16)
FNF:10
FNH:10
FNDA:1,(anonymous_7)
FNDA:4,(anonymous_8)
FNDA:4,(anonymous_9)
FNDA:2,(anonymous_10)
FNDA:2,(anonymous_11)
FNDA:2,(anonymous_12)
FNDA:2,(anonymous_13)
FNDA:2,(anonymous_14)
FNDA:2,(anonymous_15)
FNDA:7,(anonymous_16)
DA:30,4
DA:32,1
DA:33,1
DA:34,1
DA:35,1
DA:36,1
DA:40,7
DA:41,7
DA:42,7
DA:43,6
DA:45,1
DA:49,1
DA:52,4
DA:54,4
DA:58,3
DA:61,3
DA:62,3
DA:63,3
DA:68,1
DA:77,1
DA:80,2
DA:81,2
DA:87,1
DA:96,1
DA:99,2
DA:100,2
DA:101,1
DA:104,1
DA:107,2
DA:108,2
DA:112,1
LF:31
LH:31
BRDA:54,0,0,4
BRDA:54,0,1,0
BRDA:58,1,0,3
BRDA:58,1,1,0
BRDA:42,2,0,1
BRF:5
BRH:3
end_of_record
TN:
SF:src/controllers/MainRouteController.ts
FN:8,(anonymous_0)
FNF:1
FNH:1
FNDA:3,(anonymous_0)
DA:7,4
DA:9,3
DA:10,3
LF:3
LH:3
BRF:0
BRH:0
end_of_record
TN:
SF:src/controllers/UserController.ts
FN:32,(anonymous_7)
FN:49,(anonymous_8)
FN:52,(anonymous_9)
FN:67,(anonymous_10)
FN:70,(anonymous_11)
FN:83,(anonymous_12)
FN:86,(anonymous_13)
FN:39,(anonymous_14)
FNF:8
FNH:8
FNDA:1,(anonymous_7)
FNDA:2,(anonymous_8)
FNDA:2,(anonymous_9)
FNDA:4,(anonymous_10)
FNDA:4,(anonymous_11)
FNDA:3,(anonymous_12)
FNDA:3,(anonymous_13)
FNDA:12,(anonymous_14)
DA:31,4
DA:33,1
DA:34,1
DA:35,1
DA:36,1
DA:40,12
DA:41,12
DA:42,12
DA:43,9
DA:45,3
DA:49,1
DA:52,2
DA:53,2
DA:58,1
DA:67,1
DA:70,4
DA:72,4
DA:76,2
DA:79,2
DA:80,1
DA:83,1
DA:86,3
DA:88,3
DA:92,3
DA:95,2
DA:96,1
LF:26
LH:26
BRDA:72,0,0,4
BRDA:72,0,1,0
BRDA:76,1,0,2
BRDA:76,1,1,0
BRDA:88,2,0,3
BRDA:88,2,1,0
BRDA:92,3,0,3
BRDA:92,3,1,0
BRDA:42,4,0,3
BRF:9
BRH:5
end_of_record
TN:
SF:src/controllers/index.ts
FNF:0
FNH:0
DA:1,4
DA:2,4
DA:3,4
DA:4,4
LF:4
LH:4
BRF:0
BRH:0
end_of_record
TN:
SF:src/tests/testSetup.ts
FN:32,(anonymous_0)
FN:37,(anonymous_1)
FNF:2
FNH:2
FNDA:30,(anonymous_0)
FNDA:30,(anonymous_1)
DA:13,6
DA:26,6
DA:27,6
DA:28,6
DA:29,6
DA:32,30
DA:37,6
DA:38,30
DA:39,30
DA:40,30
DA:41,30
DA:42,30
LF:12
LH:12
BRDA:32,0,0,11
BRDA:32,1,0,19
BRF:2
BRH:2
end_of_record
TN:
SF:src/usecases/AddWordToFavorites.ts
FN:5,(anonymous_7)
FN:10,(anonymous_8)
FN:10,(anonymous_9)
FNF:3
FNH:3
FNDA:2,(anonymous_7)
FNDA:10,(anonymous_8)
FNDA:10,(anonymous_9)
DA:4,10
DA:6,2
DA:7,2
DA:10,10
DA:11,10
DA:12,2
DA:16,8
DA:17,8
DA:18,2
DA:20,6
DA:21,4
LF:11
LH:11
BRDA:11,0,0,2
BRDA:17,1,0,2
BRF:2
BRH:2
end_of_record
TN:
SF:src/usecases/GetEntries.ts
FN:14,(anonymous_7)
FN:16,(anonymous_8)
FN:16,(anonymous_9)
FN:18,(anonymous_10)
FNF:4
FNH:4
FNDA:4,(anonymous_7)
FNDA:4,(anonymous_8)
FNDA:4,(anonymous_9)
FNDA:8,(anonymous_10)
DA:13,10
DA:14,4
DA:16,4
DA:17,4
DA:18,8
DA:19,4
DA:20,4
DA:21,4
DA:22,4
DA:23,4
DA:24,4
DA:25,4
LF:12
LH:12
BRDA:21,0,0,3
BRDA:21,0,1,1
BRDA:21,1,0,4
BRDA:21,1,1,4
BRDA:22,2,0,1
BRDA:22,2,1,3
BRF:6
BRH:6
end_of_record
TN:
SF:src/usecases/GetFavorites.ts
FN:6,(anonymous_7)
FN:8,(anonymous_8)
FN:11,(anonymous_9)
FNF:3
FNH:3
FNDA:4,(anonymous_7)
FNDA:4,(anonymous_8)
FNDA:4,(anonymous_9)
DA:5,10
DA:6,4
DA:8,4
DA:11,4
DA:12,4
DA:16,4
DA:17,4
DA:18,4
DA:19,4
DA:20,4
DA:21,4
DA:22,4
DA:24,4
LF:13
LH:13
BRDA:18,0,0,3
BRDA:18,0,1,1
BRDA:18,1,0,4
BRDA:18,1,1,4
BRDA:19,2,0,4
BRDA:19,2,1,0
BRDA:19,3,0,4
BRDA:19,3,1,4
BRDA:20,4,0,1
BRDA:20,4,1,3
BRF:10
BRH:9
end_of_record
TN:
SF:src/usecases/GetHistory.ts
FN:14,(anonymous_7)
FN:16,(anonymous_8)
FN:19,(anonymous_9)
FNF:3
FNH:3
FNDA:4,(anonymous_7)
FNDA:4,(anonymous_8)
FNDA:4,(anonymous_9)
DA:13,10
DA:14,4
DA:16,4
DA:19,4
DA:20,4
DA:24,4
DA:25,4
DA:26,4
DA:27,4
DA:28,4
DA:29,4
DA:30,4
DA:31,4
LF:13
LH:13
BRDA:27,0,0,4
BRDA:27,0,1,0
BRDA:27,1,0,4
BRDA:27,1,1,4
BRDA:28,2,0,1
BRDA:28,2,1,3
BRF:6
BRH:5
end_of_record
TN:
SF:src/usecases/GetUserProfile.ts
FN:4,(anonymous_7)
FN:6,(anonymous_8)
FN:8,(anonymous_9)
FNF:3
FNH:3
FNDA:2,(anonymous_7)
FNDA:2,(anonymous_8)
FNDA:2,(anonymous_9)
DA:3,10
DA:4,2
DA:6,2
DA:8,2
DA:9,2
DA:10,2
DA:11,1
DA:12,1
LF:8
LH:8
BRDA:10,0,0,1
BRF:1
BRH:1
end_of_record
TN:
SF:src/usecases/RemoveWordFromFavorites.ts
FN:5,(anonymous_7)
FN:10,(anonymous_8)
FN:10,(anonymous_9)
FNF:3
FNH:3
FNDA:2,(anonymous_7)
FNDA:9,(anonymous_8)
FNDA:9,(anonymous_9)
DA:4,10
DA:6,2
DA:7,2
DA:10,9
DA:11,9
DA:12,2
DA:16,7
DA:17,7
DA:18,2
DA:20,5
DA:21,3
LF:11
LH:11
BRDA:11,0,0,2
BRDA:17,1,0,2
BRF:2
BRH:2
end_of_record
TN:
SF:src/usecases/Signin.ts
FN:8,(anonymous_7)
FN:14,(anonymous_8)
FN:17,(anonymous_9)
FNF:3
FNH:3
FNDA:4,(anonymous_7)
FNDA:4,(anonymous_8)
FNDA:4,(anonymous_9)
DA:7,10
DA:9,4
DA:10,4
DA:11,4
DA:14,4
DA:17,4
DA:18,4
DA:19,3
DA:20,1
DA:23,2
DA:24,2
DA:25,1
DA:28,1
DA:29,1
LF:14
LH:14
BRDA:19,0,0,1
BRDA:24,1,0,1
BRF:2
BRH:2
end_of_record
TN:
SF:src/usecases/Signup.ts
FN:8,(anonymous_7)
FN:32,(anonymous_8)
FN:36,(anonymous_9)
FN:14,(anonymous_10)
FN:23,(anonymous_11)
FNF:5
FNH:5
FNDA:5,(anonymous_7)
FNDA:5,(anonymous_8)
FNDA:5,(anonymous_9)
FNDA:4,(anonymous_10)
FNDA:5,(anonymous_11)
DA:7,10
DA:9,5
DA:10,5
DA:11,5
DA:18,4
DA:19,1
DA:26,5
DA:27,5
DA:28,1
DA:32,5
DA:36,5
DA:37,5
DA:38,4
DA:39,3
DA:40,3
DA:41,3
DA:42,1
DA:43,2
DA:48,1
DA:49,1
LF:20
LH:20
BRDA:41,0,0,1
BRDA:18,1,0,1
BRDA:27,2,0,1
BRF:3
BRH:3
end_of_record
TN:
SF:src/usecases/ViewEntry.ts
FN:5,(anonymous_7)
FN:10,(anonymous_8)
FN:10,(anonymous_9)
FNF:3
FNH:3
FNDA:3,(anonymous_7)
FNDA:3,(anonymous_8)
FNDA:3,(anonymous_9)
DA:4,10
DA:6,3
DA:7,3
DA:10,3
DA:12,3
DA:13,3
DA:16,2
LF:7
LH:7
BRDA:13,0,0,1
BRDA:13,0,1,2
BRF:2
BRH:2
end_of_record
TN:
SF:src/usecases/index.ts
FNF:0
FNH:0
DA:1,10
DA:2,10
DA:3,10
DA:4,10
DA:5,10
DA:6,10
DA:7,10
DA:8,10
DA:9,10
LF:9
LH:9
BRF:0
BRH:0
end_of_record
